Jessica : Enter Manually: ; [ 26/10/2020, 03:19:35 P.M ]

Jessica : Hi ['Vibhas'] ; [ 26/10/2020, 03:19:48 P.M ]

Vibhas : hello ; [ 26/10/2020, 03:19:46 P.M ]

Jessica : I am extremely sorry i was unable to understand what you said ; [ 26/10/2020, 03:19:55 P.M ]

Jessica : Enter Manually: ; [ 29/10/2020, 09:46:05 P.M ]

Jessica : Sorry, I was not able to recognize that ; [ 29/10/2020, 09:46:24 P.M ]

Vibhas : igop ; [ 29/10/2020, 09:46:18 P.M ]

Jessica : I did't understand what you said can you try again or ask it in another way ; [ 29/10/2020, 09:46:30 P.M ]

Jessica : Enter Manually: ; [ 29/10/2020, 09:49:21 P.M ]

Jessica : I think i was unable to recognize it, can you please try it again ; [ 29/10/2020, 09:49:47 P.M ]

Vibhas :  ; [ 29/10/2020, 09:49:40 P.M ]

Jessica : Enter Manually: ; [ 29/10/2020, 09:50:27 P.M ]

Jessica : Good Bye boss will meet later on.....
Wish for your best! ; [ 29/10/2020, 09:50:40 P.M ]

Vibhas : bye ; [ 29/10/2020, 09:50:35 P.M ]

Jessica : Enter Manually: ; [ 29/10/2020, 09:51:09 P.M ]

Jessica : Enter Manually: ; [ 29/10/2020, 09:52:39 P.M ]

Jessica : Sorry I did't understand that ; [ 29/10/2020, 09:53:02 P.M ]

Jessica : Enter Manually: ; [ 29/10/2020, 09:55:14 P.M ]

Jessica : Enter Manually: ; [ 29/10/2020, 09:55:58 P.M ]

Jessica : Sorry, I was not able to recognize that ; [ 29/10/2020, 09:56:11 P.M ]

Vibhas :  ; [ 29/10/2020, 09:56:05 P.M ]

Jessica : Enter Manually: ; [ 30/10/2020, 11:34:49 A.M ]

Jessica : Sorry, I was not able to recognize that ; [ 30/10/2020, 11:35:11 A.M ]

Vibhas : install module ; [ 30/10/2020, 11:35:05 A.M ]

Jessica : Enter Manually: ; [ 30/10/2020, 11:35:27 A.M ]

Vibhas : requirement ; [ 30/10/2020, 11:35:39 A.M ]

Jessica : Enter Manually: ; [ 30/10/2020, 11:35:58 A.M ]

Jessica : Enter Manually: ; [ 30/10/2020, 11:36:32 A.M ]

Jessica : Enter Manually: ; [ 30/10/2020, 11:37:30 A.M ]

Vibhas : requirement ; [ 30/10/2020, 11:37:50 A.M ]

Jessica : Enter Manually: ; [ 30/10/2020, 11:38:09 A.M ]

Jessica : I am extremely sorry i was unable to understand what you said ; [ 30/10/2020, 11:38:28 A.M ]

Vibhas : install modules ; [ 30/10/2020, 11:38:22 A.M ]

Jessica : Enter Manually: ; [ 30/10/2020, 11:38:41 A.M ]

Jessica : Enter Manually: ; [ 30/10/2020, 11:39:11 A.M ]

Jessica : Enter Manually: ; [ 30/10/2020, 11:41:30 A.M ]

Jessica : Everything cleared.... ; [ 30/10/2020, 11:41:42 A.M ]

Vibhas : cls ; [ 30/10/2020, 11:41:40 A.M ]

Jessica : Enter Manually: ; [ 30/10/2020, 11:42:23 A.M ]

Jessica : Everything cleared.... ; [ 30/10/2020, 11:42:32 A.M ]

Vibhas : clear ; [ 30/10/2020, 11:42:29 A.M ]

Jessica : Enter Manually: ; [ 30/10/2020, 11:42:43 A.M ]

Jessica : Everything cleared.... ; [ 30/10/2020, 11:42:50 A.M ]

Vibhas : cls ; [ 30/10/2020, 11:42:48 A.M ]

Jessica : Enter Manually: ; [ 30/10/2020, 11:45:52 A.M ]

Jessica : Enter Manually: ; [ 30/10/2020, 11:47:37 A.M ]

Vibhas : requirement ; [ 30/10/2020, 11:47:48 A.M ]

Jessica : Enter Manually: ; [ 30/10/2020, 11:49:23 A.M ]

Vibhas : requirement ; [ 30/10/2020, 11:49:33 A.M ]

Jessica : Enter Manually: ; [ 30/10/2020, 11:50:00 A.M ]

Jessica : Everything cleared.... ; [ 30/10/2020, 11:50:11 A.M ]

Vibhas : cls ; [ 30/10/2020, 11:50:09 A.M ]

Jessica : I am extremely sorry i was unable to understand what you said ; [ 30/10/2020, 11:50:18 A.M ]

Jessica : Date:- 30/10/2020
Time:- 11:59 A.M
 ; [ 30/10/2020, 11:59:12 A.M ]

Jessica : Generation : 9 [ Learning Status ]
IP address : 192.168.56.1
 ; [ 30/10/2020, 11:59:21 A.M ]

Jessica : Listening....
 ; [ 30/10/2020, 11:59:25 A.M ]

Jessica : Enter Manually: ; [ 30/10/2020, 11:59:28 A.M ]

Jessica : Date:- 30/10/2020
Time:- 12:05 P.M ; [ 30/10/2020, 12:05:24 P.M ]

Jessica : Generation : 9 [ Learning Status ]
IP address : 192.168.56.1 ; [ 30/10/2020, 12:05:33 P.M ]

Jessica : Listening.... ; [ 30/10/2020, 12:05:37 P.M ]

Jessica : Enter Manually: ; [ 30/10/2020, 12:05:42 P.M ]

Jessica : Date:- 30/10/2020
Time:- 12:07 P.M ; [ 30/10/2020, 12:07:12 P.M ]

Jessica : Generation : 9 [ Learning Status ]
IP address : 192.168.56.1 ; [ 30/10/2020, 12:07:21 P.M ]

Jessica : Listening.... ; [ 30/10/2020, 12:07:25 P.M ]

Jessica : Enter Manually: ; [ 30/10/2020, 12:07:37 P.M ]

Jessica : Vibhas : hello
 ; [ 30/10/2020, 12:07:52 P.M ]

Jessica : Hola ['Vibhas'] ; [ 30/10/2020, 12:07:55 P.M ]

Vibhas : hello ; [ 30/10/2020, 12:07:50 P.M ]

Jessica : I did't understand what you said can you try again or ask it in another way ; [ 30/10/2020, 12:08:02 P.M ]

Jessica : Listening.... ; [ 30/10/2020, 12:08:05 P.M ]

Jessica : Date:- 30/10/2020
Time:- 12:08 P.M ; [ 30/10/2020, 12:09:01 P.M ]

Jessica : Generation : 9 [ Learning Status ]
IP address : 192.168.56.1 ; [ 30/10/2020, 12:09:10 P.M ]

Jessica : Listening.... ; [ 30/10/2020, 12:09:13 P.M ]

Jessica : Enter Manually: ; [ 30/10/2020, 12:09:20 P.M ]

Jessica : Date:- 30/10/2020
Time:- 12:11 P.M
Generation : 9 [ Learning Status ]
IP address : 192.168.56.1 ; [ 30/10/2020, 12:11:35 P.M ]

Jessica : Listening.... ; [ 30/10/2020, 12:11:38 P.M ]

Jessica : Enter Manually: ; [ 30/10/2020, 12:11:50 P.M ]

Jessica : Date:- 30/10/2020
	Time:- 12:14 P.M
Generation : 9 [ Learning Status ]
	IP address : 192.168.56.1 ; [ 30/10/2020, 12:14:34 P.M ]

Jessica : Date:- 30/10/2020
		Time:- 12:15 P.M
		Generation : 9 [ Learning Status ]
		IP address : 192.168.56.1 ; [ 30/10/2020, 12:15:42 P.M ]

Jessica : Listening.... ; [ 30/10/2020, 12:15:45 P.M ]

Jessica : Enter Manually: ; [ 30/10/2020, 12:15:51 P.M ]

Jessica : Vibhas : hello siri
 ; [ 30/10/2020, 12:16:03 P.M ]

Jessica : I love to be like them , but i am Jessica ; [ 30/10/2020, 12:16:07 P.M ]

Vibhas : hello siri ; [ 30/10/2020, 12:16:00 P.M ]

Jessica : Date:- 30/10/2020
		Time:- 12:17 P.M
		Generation : 9 [ Learning Status ]
		IP address : 192.168.56.1 ; [ 30/10/2020, 12:17:45 P.M ]

Jessica : Listening.... ; [ 30/10/2020, 12:17:48 P.M ]

Jessica : Enter Manually: ; [ 30/10/2020, 12:17:54 P.M ]

Jessica : I am Jessica, not love ; [ 30/10/2020, 12:18:11 P.M ]

Vibhas : hello love ; [ 30/10/2020, 12:18:07 P.M ]

Jessica : I think i was unable to recognize it, can you please try it again ; [ 30/10/2020, 12:18:17 P.M ]

Jessica : Listening.... ; [ 30/10/2020, 12:18:20 P.M ]

Jessica : Enter Manually: ; [ 30/10/2020, 12:18:27 P.M ]

Jessica : Date:- 11/12/2020
		Time:- 09:13 A.M
		Generation : 9 [ Learning Status ]
		IP address : 192.168.56.1 ; [ 11/12/2020, 09:14:09 A.M ]

Jessica : Listening.... ; [ 11/12/2020, 09:14:12 A.M ]

Jessica : Enter Manually: ; [ 11/12/2020, 09:14:23 A.M ]

Jessica : Sorry I did't understand that ; [ 11/12/2020, 09:15:32 A.M ]

Vibhas : I WANT TO MARRY YOU JESSICA ; [ 11/12/2020, 09:14:56 A.M ]

Jessica : I am extremely sorry i was unable to understand what you said ; [ 11/12/2020, 09:16:02 A.M ]

Jessica : Listening.... ; [ 11/12/2020, 09:16:05 A.M ]

Jessica : Enter Manually: ; [ 11/12/2020, 09:16:14 A.M ]

Jessica : I don't know who you are talking with me but this is ['Vibhas'] account. ; [ 11/12/2020, 09:16:45 A.M ]

Jessica : And infront of me is... ; [ 11/12/2020, 09:16:48 A.M ]

Jessica : You! ; [ 11/12/2020, 09:16:50 A.M ]

Jessica : I think i was unable to recognize it, can you please try it again ; [ 11/12/2020, 09:17:25 A.M ]

Jessica : Listening.... ; [ 11/12/2020, 09:17:27 A.M ]

Jessica : Date:- 15/12/2020
		Time:- 03:09 P.M
		Generation : 9 [ Learning Status ]
		IP address : 192.168.56.1 ; [ 15/12/2020, 03:09:58 P.M ]

Jessica : Listening.... ; [ 15/12/2020, 03:10:01 P.M ]

Jessica : Enter Manually: ; [ 15/12/2020, 03:10:05 P.M ]

Jessica : Sorry I did't understand that ; [ 15/12/2020, 03:10:20 P.M ]

Jessica : Date:- 15/12/2020
		Time:- 06:05 P.M
		Generation : 9 [ Learning Status ]
		IP address : 192.168.56.1 ; [ 15/12/2020, 06:05:37 P.M ]

Jessica : Listening.... ; [ 15/12/2020, 06:05:40 P.M ]

Vibhas : name ; [ 15/12/2020, 06:05:46 P.M ]

Jessica : 1 | verb | assign a specified (usually proper) proper name to
2 | verb | give the name or identifying characteristics of; refer to by name or some other identifying characteristic property
3 | verb | charge with a function; charge to be
4 | verb | create and charge with a task or function
5 | verb | mention and identify by name
6 | verb | make reference to
7 | verb | identify as in botany or biology, for example
8 | verb | give or make a list of; name individually; give the names of
(15 meanings) ; [ 15/12/2020, 06:06:40 P.M ]

Jessica : Listening.... ; [ 15/12/2020, 06:06:44 P.M ]

Jessica : Enter Manually: ; [ 15/12/2020, 06:06:48 P.M ]

Jessica : I don't know, but I can offer data about many names; maybe even your name if you tell me what it is. ; [ 15/12/2020, 06:07:08 P.M ]

Vibhas : my name ; [ 15/12/2020, 06:06:58 P.M ]

Jessica : I did't understand what you said can you try again or ask it in another way ; [ 15/12/2020, 06:07:20 P.M ]

Jessica : Date:- 15/12/2020
		Time:- 06:14 P.M
		Generation : 9 [ Learning Status ]
		IP address : 192.168.56.1 ; [ 15/12/2020, 06:14:32 P.M ]

Jessica : Listening.... ; [ 15/12/2020, 06:14:35 P.M ]

Jessica : Enter Manually: ; [ 15/12/2020, 06:14:39 P.M ]

Jessica : I don't know who you are talking with me but this is ['robin'] account. ; [ 15/12/2020, 06:14:57 P.M ]

Jessica : And infront of me is... ; [ 15/12/2020, 06:14:59 P.M ]

Jessica : You! ; [ 15/12/2020, 06:15:03 P.M ]

Jessica : I am extremely sorry i was unable to understand what you said ; [ 15/12/2020, 06:15:13 P.M ]

Jessica : Listening.... ; [ 15/12/2020, 06:15:16 P.M ]

Jessica : Enter Manually: ; [ 15/12/2020, 06:15:22 P.M ]

Jessica : Sorry, I was not able to recognize that ; [ 15/12/2020, 06:15:37 P.M ]

Jessica : Listening.... ; [ 15/12/2020, 06:15:40 P.M ]

Jessica : Enter Manually: ; [ 15/12/2020, 06:15:48 P.M ]

Jessica : I am extremely sorry i was unable to understand what you said ; [ 15/12/2020, 06:15:56 P.M ]

Jessica : Listening.... ; [ 15/12/2020, 06:15:59 P.M ]

Jessica : Enter Manually: ; [ 15/12/2020, 06:16:05 P.M ]

Jessica : I don't know who you are talking with me but this is ['vibhas'] account. ; [ 15/12/2020, 06:16:29 P.M ]

Jessica : And infront of me is... ; [ 15/12/2020, 06:16:31 P.M ]

Jessica : You! ; [ 15/12/2020, 06:16:35 P.M ]

Vibhas : mera naam kya hai ; [ 15/12/2020, 06:14:52 P.M ]

Jessica : Sorry, I was not able to recognize that ; [ 15/12/2020, 06:16:52 P.M ]

Jessica : Listening.... ; [ 15/12/2020, 06:16:55 P.M ]

Jessica : Enter Manually: ; [ 15/12/2020, 06:17:00 P.M ]

Jessica : I did't understand what you said can you try again or ask it in another way ; [ 15/12/2020, 06:17:09 P.M ]

Jessica : Listening.... ; [ 15/12/2020, 06:17:12 P.M ]

Jessica : Date:- 16/12/2020
		Time:- 12:19 P.M
		Generation : 9 [ Learning Status ]
		IP address : 192.168.56.1 ; [ 16/12/2020, 12:19:52 P.M ]

Jessica : Listening.... ; [ 16/12/2020, 12:19:55 P.M ]

Jessica : Enter Manually: ; [ 16/12/2020, 12:20:06 P.M ]

Jessica : Date:- 21/12/2020
		Time:- 07:50 A.M
		Generation : 9 [ Learning Status ]
		IP address : 192.168.56.1 ; [ 21/12/2020, 07:50:23 A.M ]

Jessica : Listening.... ; [ 21/12/2020, 07:50:26 A.M ]

Jessica : Enter Manually: ; [ 21/12/2020, 07:50:30 A.M ]

Jessica : noun | a message transmitted by telegraph ; [ 21/12/2020, 07:50:55 A.M ]

Vibhas : TELEGRAM ; [ 21/12/2020, 07:50:44 A.M ]

Jessica : Sorry, I was not able to recognize that ; [ 21/12/2020, 07:51:05 A.M ]

Jessica : Listening.... ; [ 21/12/2020, 07:51:07 A.M ]

Vibhas : open telegram in browser ; [ 21/12/2020, 07:51:14 A.M ]

Jessica : Chrome is set as default browser
if you want to use another browser type the name of browser in the statement ; [ 21/12/2020, 07:51:21 A.M ]

Jessica : launching chrome ; [ 21/12/2020, 07:51:23 A.M ]

Jessica : Listening.... ; [ 21/12/2020, 07:51:26 A.M ]

Jessica : Enter Manually: ; [ 21/12/2020, 07:51:33 A.M ]

Jessica : Date:- 23/12/2020
		Time:- 03:21 P.M
		Generation : 9 [ Learning Status ]
		IP address : 192.168.56.1 ; [ 23/12/2020, 03:21:20 P.M ]

Jessica : Listening.... ; [ 23/12/2020, 03:21:23 P.M ]

Vibhas : who is Narendra Modi ; [ 23/12/2020, 03:21:26 P.M ]

Jessica : Wikipedia says, PM Narendra Modi is a 2019 Hindi-language biographical drama film directed by Omung Kumar, and written by Anirudh Chawla and Vivek Oberoi. ; [ 23/12/2020, 03:21:50 P.M ]

Jessica : Listening.... ; [ 23/12/2020, 03:21:53 P.M ]

Vibhas : tell me about Narendra Modi ; [ 23/12/2020, 03:21:58 P.M ]

Jessica : PM Narendra Modi is a 2019 Hindi-language biographical drama film directed by Omung Kumar, and written by Anirudh Chawla and Vivek Oberoi. The film is jointly produced by Suresh Oberoi, Sandip Ssingh, Anand Pandit, Acharya Manish under the banner of Legend Studios. ; [ 23/12/2020, 03:22:24 P.M ]

Jessica : Listening.... ; [ 23/12/2020, 03:22:28 P.M ]

Jessica : Enter Manually: ; [ 23/12/2020, 03:22:36 P.M ]

Jessica : 1 | verb | assign a specified (usually proper) proper name to
2 | verb | give the name or identifying characteristics of; refer to by name or some other identifying characteristic property
3 | verb | charge with a function; charge to be
4 | verb | create and charge with a task or function
5 | verb | mention and identify by name
6 | verb | make reference to
7 | verb | identify as in botany or biology, for example
8 | verb | give or make a list of; name individually; give the names of
(15 meanings) ; [ 23/12/2020, 03:23:45 P.M ]

Vibhas : NAME ; [ 23/12/2020, 03:22:50 P.M ]

Jessica : I think i was unable to recognize it, can you please try it again ; [ 23/12/2020, 03:23:56 P.M ]

Jessica : Listening.... ; [ 23/12/2020, 03:23:59 P.M ]

Vibhas : about ; [ 23/12/2020, 03:24:02 P.M ]

Jessica : Date:- 23/12/2020
		Time:- 03:24 P.M
		Generation : 9 [ Learning Status ]
		IP address : 192.168.56.1 ; [ 23/12/2020, 03:25:05 P.M ]

Jessica : Listening.... ; [ 23/12/2020, 03:25:09 P.M ]

Jessica : Enter Manually: ; [ 23/12/2020, 03:25:14 P.M ]

Vibhas : PLAY SONG ; [ 23/12/2020, 03:25:28 P.M ]

Jessica : I did't understand what you said can you try again or ask it in another way ; [ 23/12/2020, 03:25:39 P.M ]

Jessica : Listening.... ; [ 23/12/2020, 03:25:42 P.M ]

Vibhas : search YouTube for ; [ 23/12/2020, 03:25:46 P.M ]

Jessica : Searching youtube for ; [ 23/12/2020, 03:25:49 P.M ]

Jessica : Listening.... ; [ 23/12/2020, 03:25:53 P.M ]

Jessica : Enter Manually: ; [ 23/12/2020, 03:25:59 P.M ]

Jessica : Sorry, I was not able to recognize that ; [ 23/12/2020, 03:26:10 P.M ]

Jessica : Listening.... ; [ 23/12/2020, 03:26:13 P.M ]

Jessica : Date:- 10/02/2021
		Time:- 05:19 P.M
		Generation : 9 [ Learning Status ]
		IP address : 192.168.56.1 ; [ 10/02/2021, 05:19:50 P.M ]

Jessica : Listening.... ; [ 10/02/2021, 05:19:54 P.M ]

Jessica : Enter Manually: ; [ 10/02/2021, 05:19:57 P.M ]

Jessica : Hello ['vibhas'] ; [ 10/02/2021, 05:20:08 P.M ]

Vibhas : HELLO ; [ 10/02/2021, 05:20:06 P.M ]

Jessica : I did't understand what you said can you try again or ask it in another way ; [ 10/02/2021, 05:20:16 P.M ]

Jessica : Listening.... ; [ 10/02/2021, 05:20:19 P.M ]

Jessica : Enter Manually: ; [ 10/02/2021, 05:20:23 P.M ]

Jessica : I think i was unable to recognize it, can you please try it again ; [ 10/02/2021, 05:20:45 P.M ]

Jessica : Listening.... ; [ 10/02/2021, 05:20:48 P.M ]

Jessica : Enter Manually: ; [ 10/02/2021, 05:20:52 P.M ]

Jessica : Date:- 10/02/2021
		Time:- 05:59 P.M
		Generation : 9 [ Learning Status ]
		IP address : 192.168.56.1 ; [ 10/02/2021, 05:59:24 P.M ]

Jessica : Date:- 10/02/2021
		Time:- 06:16 P.M
		Generation : 9 [ Learning Status ]
		IP address : 192.168.56.1 ; [ 10/02/2021, 06:16:48 P.M ]

Jessica : Date:- 10/02/2021
		Time:- 10:04 P.M
		Generation : 9 [ Learning Status ]
		IP address : 192.168.56.1 ; [ 10/02/2021, 10:04:39 P.M ]

ALICE : Date:- 10/02/2021
		Time:- 10:05 P.M
		Generation : 9 [ Learning Status ]
		IP address : 192.168.56.1 ; [ 10/02/2021, 10:05:20 P.M ]

ALICE : Date:- 10/02/2021
		Time:- 10:05 P.M
		Generation : 9 [ Learning Status ]
		IP address : 192.168.56.1 ; [ 10/02/2021, 10:06:11 P.M ]

ALICE : Date:- 10/02/2021
		Time:- 10:08 P.M
		Generation : 9 [ Learning Status ]
		IP address : 192.168.56.1 ; [ 10/02/2021, 10:08:38 P.M ]

ALICE : Date:- 10/02/2021
		Time:- 10:09 P.M
		Generation : 9 [ Learning Status ]
		IP address : 192.168.56.1 ; [ 10/02/2021, 10:09:49 P.M ]

ALICE : Date:- 10/02/2021
		Time:- 10:12 P.M
		Generation : 9 [ Learning Status ]
		IP address : 192.168.56.1 ; [ 10/02/2021, 10:12:51 P.M ]

ALICE : Date:- 10/02/2021
		Time:- 10:13 P.M
		Generation : 9 [ Learning Status ]
		IP address : 192.168.56.1 ; [ 10/02/2021, 10:13:25 P.M ]

ALICE : Date:- 10/02/2021
		Time:- 10:14 P.M
		Generation : 9 [ Learning Status ]
		IP address : 192.168.56.1 ; [ 10/02/2021, 10:14:16 P.M ]

ALICE : Date:- 11/02/2021
		Time:- 02:00 P.M
		Generation : 9 [ Learning Status ]
		IP address : 192.168.56.1 ; [ 11/02/2021, 02:00:23 P.M ]

ALICE : Date:- 11/02/2021
		Time:- 02:00 P.M
		Generation : 9 [ Learning Status ]
		IP address : 192.168.56.1 ; [ 11/02/2021, 02:00:50 P.M ]

ALICE : Date:- 11/02/2021
		Time:- 02:01 P.M
		Generation : 9 [ Learning Status ]
		IP address : 192.168.56.1 ; [ 11/02/2021, 02:01:16 P.M ]

ALICE : Date:- 11/02/2021
		Time:- 02:19 P.M
		Generation : 9 [ Learning Status ]
		IP address : 192.168.56.1 ; [ 11/02/2021, 02:19:24 P.M ]

ALICE : Date:- 11/02/2021
		Time:- 02:19 P.M
		Generation : 9 [ Learning Status ]
		IP address : 192.168.56.1 ; [ 11/02/2021, 02:20:08 P.M ]

